Macau: 445000, 25.4, 17519.68503937008
Monaco: 32300, 1.95, 16564.102564102566
Hong Kong: 6860000, 1092.0, 6282.051282051282
Singapore: 4350000, 692.7, 6279.774794283239
Gibraltar: 27800, 6.5, 4276.923076923077
Gaza Strip: 1320000, 360.0, 3666.6666666666665
Holy See (Vatican City): 921, 0.44, 2093.181818181818
Malta: 397000, 316.0, 1256.3291139240507
Bermuda: 64900, 53.3, 1217.6360225140713
Maldives: 339000, 300.0, 1130.0
Bahrain: 678000, 665.0, 1019.5488721804511
Bangladesh: 141000000, 144000.0, 979.1666666666666
Guernsey: 65000, 78.0, 833.3333333333334
Jersey: 90500, 116.0, 780.1724137931035
Barbados: 278000, 431.0, 645.0116009280742
Taiwan: 22700000, 35980.0, 630.9060589216231
Nauru: 12800, 21.0, 609.5238095238095
Mauritius: 1220000, 2040.0, 598.0392156862745
Mayotte: 186000, 374.0, 497.32620320855614
Korea, South: 48600000, 98480.0, 493.5012185215272
San Marino: 28500, 61.2, 465.6862745098039
Tuvalu: 11500, 26.0, 442.3076923076923
Puerto Rico: 3900000, 9104.0, 428.38312829525483
West Bank: 2310000, 5860.0, 394.19795221843003
Netherlands: 16300000, 41526.0, 392.52516495689446
Martinique: 430000, 1100.0, 390.90909090909093
Aruba: 71200, 193.0, 368.9119170984456
Lebanon: 3780000, 10400.0, 363.46153846153845
Belgium: 10300000, 30528.0, 337.395178197065
Japan: 127000000, 377835.0, 336.1255574523271
India: 1070000000, 3287590.0, 325.46637506501725
Marshall Islands: 57700, 181.3, 318.2570325427468
El Salvador: 6590000, 21040.0, 313.212927756654
Virgin Islands: 109000, 352.0, 309.65909090909093
Reunion: 766000, 2517.0, 304.33055224473577
Sri Lanka: 19900000, 65610.0, 303.30742264898646
Guam: 166000, 549.0, 302.367941712204
Rwanda: 7950000, 26338.0, 301.84524261523273
Saint Vincent and the Grenadines: 117000, 389.0, 300.77120822622106
Comoros: 652000, 2170.0, 300.46082949308754
Israel: 6200000, 20770.0, 298.5074626865672
American Samoa: 57900, 199.0, 290.95477386934675
Philippines: 86200000, 300000.0, 287.3333333333333
Haiti: 7660000, 27750.0, 276.036036036036
Saint Lucia: 164000, 616.0, 266.23376623376623
Grenada: 89400, 344.0, 259.8837209302326
Vietnam: 82700000, 329560.0, 250.94064813690983
Guadeloupe: 445000, 1780.0, 250.0
Jamaica: 2710000, 10991.0, 246.56537166772813
United Kingdom: 60300000, 244820.0, 246.30340658442938
Germany: 82400000, 357021.0, 230.79874853299947
Netherlands Antilles: 218000, 960.0, 227.08333333333334
Burundi: 6230000, 27830.0, 223.8591448077614
Trinidad and Tobago: 1100000, 5128.0, 214.50858034321374
Liechtenstein: 33400, 160.0, 208.75
Pakistan: 159000000, 803940.0, 197.7759534293604
Italy: 58100000, 301230.0, 192.87587557680177
Nepal: 27100000, 140800.0, 192.4715909090909
Korea, North: 22700000, 120540.0, 188.3192301310768
Sao Tome and Principe: 182000, 1001.0, 181.8181818181818
Dominican Republic: 8830000, 48730.0, 181.20254463369588
Switzerland: 7450000, 41290.0, 180.43109711794622
Luxembourg: 463000, 2586.0, 179.04098994586232
Seychelles: 80800, 455.0, 177.58241758241758
Cayman Islands: 43100, 262.0, 164.50381679389312
Northern Mariana Islands: 78300, 477.0, 164.1509433962264
Antigua and Barbuda: 68300, 443.0, 154.17607223476298
Micronesia, Federated States of: 108000, 702.0, 153.84615384615384
Andorra: 69900, 468.0, 149.35897435897436
Saint Kitts and Nevis: 38800, 261.0, 148.65900383141764
Nigeria: 137000000, 923768.0, 148.30563518112774
Tonga: 110000, 748.0, 147.05882352941177
British Virgin Islands: 22200, 153.0, 145.09803921568627
Johnston Atoll: 396, 2.8, 141.42857142857144
Tokelau: 1410, 10.0, 141.0
Gambia, The: 1550000, 11300.0, 137.16814159292036
China: 1300000000, 9596960.0, 135.459562194695
Moldova: 4450000, 33843.0, 131.48952516029902
Guatemala: 14300000, 108890.0, 131.32519055928
Man, Isle of: 74700, 572.0, 130.5944055944056
Czech Republic: 10200000, 78866.0, 129.33329952070602
Anguilla: 13000, 102.0, 127.45098039215686
Kuwait: 2260000, 17820.0, 126.82379349046016
Thailand: 64900000, 514000.0, 126.26459143968872
Denmark: 5410000, 43094.0, 125.53951826240312
Kiribati: 101000, 811.0, 124.53760789149199
Indonesia: 238000000, 1919440.0, 123.99449839536531
Poland: 38600000, 312685.0, 123.44691942370117
Albania: 3540000, 28748.0, 123.1390009739808
Portugal: 10500000, 92391.0, 113.64743319154464
Uganda: 26400000, 236040.0, 111.84544992374174
Slovakia: 5420000, 48845.0, 110.9632511004197
France: 60400000, 547030.0, 110.414419684478
Hungary: 10000000, 93030.0, 107.49220681500591
Serbia and Montenegro: 10800000, 102350.0, 105.52027357107963
Cape Verde: 415000, 4033.0, 102.9010662038185
Cuba: 11300000, 110860.0, 101.93036261952011
Malawi: 11900000, 118480.0, 100.43889264010804
Armenia: 2990000, 29800.0, 100.33557046979865
Slovenia: 2010000, 20273.0, 99.14664825136882
Togo: 5560000, 56785.0, 97.91318129787795
Austria: 8170000, 83870.0, 97.41266245379754
Syria: 18000000, 185180.0, 97.20272167620693
Romania: 22400000, 237500.0, 94.3157894736842
Dominica: 69300, 754.0, 91.90981432360742
Azerbaijan: 7870000, 86600.0, 90.87759815242494
Montserrat: 9250, 102.0, 90.68627450980392
Cook Islands: 21200, 240.0, 88.33333333333333
Turkey: 68900000, 780580.0, 88.26769837812908
Ghana: 20800000, 239460.0, 86.86210640608034
Cyprus: 776000, 9250.0, 83.89189189189189
Sierra Leone: 5880000, 71740.0, 81.96264287705604
Macedonia: 2070000, 25333.0, 81.71160146844038
Greece: 10600000, 131940.0, 80.339548279521
Spain: 40300000, 504782.0, 79.83644424721959
Croatia: 4500000, 56542.0, 79.58685578861731
Ukraine: 47700000, 603700.0, 79.01275467947656
Bosnia and Herzegovina: 4010000, 51129.0, 78.429071564083
Costa Rica: 3960000, 51100.0, 77.49510763209393
Egypt: 76100000, 1001450.0, 75.98981476858555
Cambodia: 13400000, 181040.0, 74.01679186920018
Qatar: 840000, 11437.0, 73.44583369764798
Morocco: 32200000, 446550.0, 72.10838651886687
Malaysia: 23500000, 329750.0, 71.2661106899166
East Timor: 1020000, 15007.0, 67.96828146864796
Bulgaria: 7520000, 110910.0, 67.80272292850059
Swaziland: 1170000, 17363.0, 67.38466854806197
Georgia: 4690000, 69700.0, 67.2883787661406
Benin: 7250000, 112620.0, 64.37577694903214
French Polynesia: 266000, 4167.0, 63.83489320854331
Brunei: 365000, 5770.0, 63.258232235701904
Burma: 42700000, 678500.0, 62.932940309506264
Lesotho: 1870000, 30355.0, 61.604348542250044
Tunisia: 9970000, 163610.0, 60.93759550149746
Honduras: 6820000, 112090.0, 60.84396467124632
Jordan: 5610000, 92300.0, 60.78006500541712
Samoa: 178000, 2944.0, 60.46195652173913
Ethiopia: 67900000, 1127127.0, 60.24165865958317
Uzbekistan: 26400000, 447400.0, 59.007599463567274
Iraq: 25400000, 437072.0, 58.113994948200755
Wallis and Futuna: 15900, 274.0, 58.02919708029197
Ireland: 3970000, 70280.0, 56.48833238474673
Senegal: 10900000, 196190.0, 55.55838727763902
Lithuania: 3610000, 65200.0, 55.3680981595092
Kenya: 32000000, 582650.0, 54.92147944735261
Cote d'Ivoire: 17300000, 322460.0, 53.65006512435651
Mexico: 105000000, 1972550.0, 53.230589845631286
Norfolk Island: 1840, 34.6, 53.179190751445084
Belarus: 10300000, 207600.0, 49.614643545279385
Burkina Faso: 13600000, 274200.0, 49.59883296863603
Tajikistan: 7010000, 143100.0, 48.986722571628235
Fiji: 881000, 18270.0, 48.22112753147236
Bhutan: 2190000, 47000.0, 46.59574468085106
Ecuador: 13200000, 283560.0, 46.55099449851883
Turks and Caicos Islands: 20000, 430.0, 46.51162790697674
Cocos (Keeling) Islands: 629, 14.0, 44.92857142857143
Afghanistan: 28500000, 647500.0, 44.01544401544402
Palau: 20000, 458.0, 43.66812227074236
Iran: 69000000, 1648000.0, 41.86893203883495
Nicaragua: 5360000, 129494.0, 41.39187916042442
Tanzania: 36600000, 945087.0, 38.72659342473233
Guinea-Bissau: 1390000, 36120.0, 38.4828349944629
Panama: 3000000, 78200.0, 38.36317135549872
Yemen: 20000000, 527970.0, 37.88094020493589
Guinea: 9250000, 245857.0, 37.62349658541347
Colombia: 42300000, 1138910.0, 37.1407749514887
Eritrea: 4450000, 121320.0, 36.67985492911309
Latvia: 2310000, 64589.0, 35.76460387991763
South Africa: 42700000, 1219912.0, 35.002524772278655
Cameroon: 16100000, 475440.0, 33.86336866902238
Faroe Islands: 46700, 1399.0, 33.38098641887062
Zimbabwe: 12700000, 390580.0, 32.51574581391776
Liberia: 3390000, 111370.0, 30.43907695070486
United States: 293000000, 9631418.0, 30.42127337843711
United Arab Emirates: 2520000, 82880.0, 30.405405405405407
Madagascar: 17500000, 587040.0, 29.810575088579995
Estonia: 1340000, 45226.0, 29.628974483704063
Saint Pierre and Miquelon: 7000, 242.0, 28.925619834710744
Venezuela: 25000000, 912050.0, 27.410777917877308
Laos: 6070000, 236800.0, 25.633445945945947
Kyrgyzstan: 5080000, 198500.0, 25.591939546599495
Congo, Democratic Republic of the: 58300000, 2345410.0, 24.85706123875996
Mozambique: 18800000, 801590.0, 23.45338639454085
Brazil: 184000000, 8511965.0, 21.616630237553842
Bahamas, The: 300000, 13940.0, 21.52080344332855
Peru: 27500000, 1285220.0, 21.39711489083581
Chile: 15800000, 756950.0, 20.87324129731158
Djibouti: 467000, 23000.0, 20.304347826086957
Sweden: 8990000, 449964.0, 19.979376127868008
Uruguay: 3400000, 176220.0, 19.294064237884463
Equatorial Guinea: 523000, 28051.0, 18.644611600299456
Solomon Islands: 524000, 28450.0, 18.418277680140598
Saint Helena: 7420, 410.0, 18.097560975609756
Vanuatu: 203000, 12200.0, 16.639344262295083
Sudan: 39100000, 2505810.0, 15.603736915408591
Finland: 5210000, 338145.0, 15.40759141788286
Paraguay: 6190000, 406750.0, 15.218192993239091
New Zealand: 3990000, 268680.0, 14.850379633765074
Argentina: 39100000, 2766890.0, 14.131389393868206
Norway: 4570000, 324220.0, 14.095367343162051
Zambia: 10500000, 752614.0, 13.951374808334684
Oman: 2900000, 212460.0, 13.649628165301705
Algeria: 32100000, 2381740.0, 13.477541629229052
Saudi Arabia: 25800000, 1960582.0, 13.159357782536002
Somalia: 8300000, 637657.0, 13.016402235057406
Belize: 273000, 22966.0, 11.88713750761996
Papua New Guinea: 5420000, 462840.0, 11.710310258404633
New Caledonia: 214000, 19060.0, 11.227701993704093
Turkmenistan: 4860000, 488100.0, 9.956976029502151
Mali: 12000000, 1240000.0, 9.67741935483871
Niger: 11400000, 1267000.0, 8.997632202052092
Angola: 11000000, 1246700.0, 8.823293494826341
Congo, Republic of the: 3000000, 342000.0, 8.771929824561404
Russia: 144000000, 17075200.0, 8.433283358320839
Niue: 2160, 260.0, 8.307692307692308
Bolivia: 8720000, 1098580.0, 7.937519343152069
Chad: 9540000, 1284000.0, 7.429906542056075
Central African Republic: 3740000, 622984.0, 6.003364452377589
Kazakhstan: 15100000, 2717300.0, 5.556986714753616
Gabon: 1360000, 267667.0, 5.080940123362238
Guyana: 706000, 214970.0, 3.2841791877936455
Canada: 32500000, 9984670.0, 3.254989899515958
Libya: 5630000, 1759540.0, 3.1996999215704105
Christmas Island: 396, 135.0, 2.933333333333333
Mauritania: 3000000, 1030700.0, 2.910643252158727
Iceland: 294000, 103000.0, 2.854368932038835
Suriname: 437000, 163270.0, 2.6765480492435842
Botswana: 1560000, 600370.0, 2.5983976547795526
Australia: 19900000, 7686850.0, 2.588836779695194
Namibia: 1950000, 825418.0, 2.36243939434323
French Guiana: 191000, 91000.0, 2.098901098901099
Mongolia: 2750000, 1564116.0, 1.7581816182431482
Western Sahara: 267000, 266000.0, 1.0037593984962405
Pitcairn Islands: 46, 47.0, 0.9787234042553191
Falkland Islands (Islas Malvinas): 2970, 12173.0, 0.24398258440811632
Svalbard: 2760, 62049.0, 0.04448097471353285
Greenland: 56400, 2166086.0, 0.026037747347058243
French Southern and Antarctic Lands: ?, 7829.0, ?
South Georgia and the South Sandwich Islands: ?, 3903.0, ?
Jan Mayen: ?, 373.0, ?
Dhekelia: ?, 130.8, ?
Akrotiri: ?, 123.0, ?
British Indian Ocean Territory: ?, 60.0, ?
Bouvet Island: ?, 58.5, ?
Europa Island: ?, 28.0, ?
Palmyra Atoll: ?, 11.9, ?
Wake Island: ?, 6.5, ?
Midway Islands: ?, 6.2, ?
Clipperton Island: ?, 6.0, ?
Navassa Island: ?, 5.4, ?
Ashmore and Cartier Islands: ?, 5.0, ?
Glorioso Islands: ?, 5.0, ?
Spratly Islands: ?, 5.0, ?
Jarvis Island: ?, 4.5, ?
Juan de Nova Island: ?, 4.4, ?
Coral Sea Islands: ?, 3.0, ?
Howland Island: ?, 1.6, ?
Baker Island: ?, 1.4, ?
Kingman Reef: ?, 1.0, ?
Tromelin Island: ?, 1.0, ?
Bassas da India: ?, 0.2, ?
